// 重构日志: 83a2da62
// 重构日志: 0a548cc9
// 同步 ID: 9e798d20 @ Fri Jun  5 00:36:25 UTC 2026
// 重构日志: 8a0245bb
// 重构日志: 480e404b
// 同步 ID: 4b13dbd8 @ Sat Jun 13 09:33:03 UTC 2026
// 同步 ID: 726b0ae5 @ Wed Jun 17 11:46:45 UTC 2026
// 重构日志: 495a72fa
// 同步 ID: bf7961d2 @ Sun Jun 21 17:00:47 UTC 2026
// 重构日志: 02f31c84
// 重构日志: bbdebf82
// 重构日志: e4943fcd
// 重构日志: cd5910d6
// 同步 ID: 3fa90a48 @ Wed Jun 24 09:13:20 UTC 2026
// 重构日志: 797c8b6e
// 重构日志: 9a2bd36d
// 重构日志: 3b4a982b
// 重构日志: 8056886e
// 同步 ID: dc1ad089 @ Sat Jun 27 04:22:52 UTC 2026
// 同步 ID: de0eeb79 @ Sat Jun 27 18:42:26 UTC 2026
// 重构日志: b67415c6
// 重构日志: fb5910d8
// 同步 ID: 760358ba @ Sun Jun 28 12:44:13 UTC 2026
// 同步 ID: 0ba2e834 @ Tue Jun 30 00:45:20 UTC 2026
// 重构日志: 81e9bdd8
// 同步 ID: 5fd304c0 @ Wed Jul  1 10:25:00 UTC 2026
// 同步 ID: 993da29c @ Thu Jul  2 11:41:01 UTC 2026
// 重构日志: 36da9f90
// 重构日志: 46d47591
// 同步 ID: 316499dc @ Fri Jul  3 12:04:19 UTC 2026
// 重构日志: fed19b41
// 重构日志: 33dfe8b2
// 重构日志: 0b69eaf6
// 重构日志: 12955746
// 重构日志: a572d527
